<?xml version="1.0" encoding="UTF-8"?>
<testng-results ignored="0" total="1" passed="1" failed="0" skipped="0">
  <reporter-output>
    <line>
      <![CDATA[openBrowser]]>
    </line>
    <line>
      <![CDATA[login]]>
    </line>
    <line>
      <![CDATA[logout]]>
    </line>
    <line>
      <![CDATA[closeBrowser]]>
    </line>
  </reporter-output>
  <suite started-at="2023-03-03T00:04:04 IST" name="Default suite" finished-at="2023-03-03T00:04:37 IST" duration-ms="33108">
    <groups>
    </groups>
    <test started-at="2023-03-03T00:04:04 IST" name="Default test" finished-at="2023-03-03T00:04:37 IST" duration-ms="33108">
      <class name="com.actitime.testscript.CustomerModule">
        <test-method is-config="true" signature="openBrowser()[pri:0, instance:com.actitime.testscript.CustomerModule@130161f7]" started-at="2023-03-03T00:04:04 IST" name="openBrowser" finished-at="2023-03-03T00:04:07 IST" duration-ms="2733" status="PASS">
          <reporter-output>
            <line>
              <![CDATA[openBrowser]]>
            </line>
          </reporter-output>
        </test-method> <!-- openBrowser -->
        <test-method is-config="true" signature="login()[pri:0, instance:com.actitime.testscript.CustomerModule@130161f7]" started-at="2023-03-03T00:04:07 IST" name="login" finished-at="2023-03-03T00:04:18 IST" duration-ms="11220" status="PASS">
          <reporter-output>
            <line>
              <![CDATA[login]]>
            </line>
          </reporter-output>
        </test-method> <!-- login -->
        <test-method signature="testCreateCustomer()[pri:0, instance:com.actitime.testscript.CustomerModule@130161f7]" started-at="2023-03-03T00:04:18 IST" name="testCreateCustomer" finished-at="2023-03-03T00:04:29 IST" duration-ms="10802" status="PASS">
          <reporter-output>
          </reporter-output>
        </test-method> <!-- testCreateCustomer -->
        <test-method is-config="true" signature="logout()[pri:0, instance:com.actitime.testscript.CustomerModule@130161f7]" started-at="2023-03-03T00:04:29 IST" name="logout" finished-at="2023-03-03T00:04:36 IST" duration-ms="7673" status="PASS">
          <reporter-output>
            <line>
              <![CDATA[logout]]>
            </line>
          </reporter-output>
        </test-method> <!-- logout -->
        <test-method is-config="true" signature="closeBrowser()[pri:0, instance:com.actitime.testscript.CustomerModule@130161f7]" started-at="2023-03-03T00:04:36 IST" name="closeBrowser" finished-at="2023-03-03T00:04:37 IST" duration-ms="611" status="PASS">
          <reporter-output>
            <line>
              <![CDATA[closeBrowser]]>
            </line>
          </reporter-output>
        </test-method> <!-- closeBrowser -->
      </class> <!-- com.actitime.testscript.CustomerModule -->
    </test> <!-- Default test -->
  </suite> <!-- Default suite -->
</testng-results>
